<col:collection xmlns="http://cnx.rice.edu/collxml" xmlns:col="http://cnx.rice.edu/collxml" xml:lang="en">
  <metadata xmlns:md="http://cnx.rice.edu/mdml" mdml-version="0.5">
    <md:content-id>col10705</md:content-id>
    <md:title>Test: No Other Way to Test This Than to Publish It, Sorry.</md:title>
    <md:language>en</md:language>
    <md:license url="http://creativecommons.org/licenses/by/3.0/">Creative Commons Attribution License</md:license>
    <md:uuid>7ecb620f-c012-4ac2-9759-2421eed4b9e5</md:uuid>
<md:slug>test-no-other-way-to-test-this-than-to-publish-it-sorry</md:slug>
</metadata>
  <col:content>
    <col:module document="m19609"/>
    <col:module document="m11799"/>
    <col:module document="m20138"/>
    <col:module document="m16352"/>
  </col:content>
</col:collection>